<?xml version="1.0" encoding="UTF-8"?>
<!-- Generated by org.testng.reporters.JUnitReportReporter -->
<testsuite hostname="SIPL35" failures="0" tests="3" name="fedexCILStaging.ServiceDetail" time="2.079" errors="1" timestamp="2022-08-18T15:20:15 IST" skipped="2">
  <testcase classname="fedexCILStaging.ServiceDetail" name="SvcDetail" time="0.000">
    <skipped/>
  </testcase> <!-- SvcDetail -->
  <system-out/>
  <testcase classname="fedexCILStaging.ServiceDetail" name="base" time="2.079">
    <error message="session not created: This version of ChromeDriver only supports Chrome version 99
Current browser version is 104.0.5112.102 with binary path C:\Program Files (x86)\Google\Chrome\Application\chrome.exe
Build info: version: &#039;3.8.1&#039;, revision: &#039;6e95a6684b&#039;, time: &#039;2017-12-01T19:05:14.666Z&#039;
System info: host: &#039;SIPL35&#039;, ip: &#039;192.168.56.1&#039;, os.name: &#039;Windows 8.1&#039;, os.arch: &#039;amd64&#039;, os.version: &#039;6.3&#039;, java.version: &#039;17.0.2&#039;
Driver info: driver.version: ChromeDriver
remote stacktrace: Backtrace:
	Ordinal0 [0x01169943+2595139]
	Ordinal0 [0x010FC9F1+2148849]
	Ordinal0 [0x00FF4528+1066280]
	Ordinal0 [0x010142C3+1196739]
	Ordinal0 [0x0100FE37+1179191]
	Ordinal0 [0x0100D6F1+1169137]
	Ordinal0 [0x01040530+1377584]
	Ordinal0 [0x0104018A+1376650]
	Ordinal0 [0x0103B806+1357830]
	Ordinal0 [0x01016086+1204358]
	Ordinal0 [0x01016F96+1208214]
	GetHandleVerifier [0x0130B232+1658114]
	GetHandleVerifier [0x013C312C+2411516]
	GetHandleVerifier [0x011FF261+560433]
	GetHandleVerifier [0x011FE366+556598]
	Ordinal0 [0x0110286B+2173035]
	Ordinal0 [0x011075F8+2192888]
	Ordinal0 [0x011076E5+2193125]
	Ordinal0 [0x011111FC+2232828]
	BaseThreadInitThunk [0x76AA6A14+36]
	RtlInitializeExceptionChain [0x7701A9FF+143]
	RtlInitializeExceptionChain [0x7701A9CA+90]
" type="org.openqa.selenium.SessionNotCreatedException">
      <![CDATA[org.openqa.selenium.SessionNotCreatedException: session not created: This version of ChromeDriver only supports Chrome version 99
Current browser version is 104.0.5112.102 with binary path C:\Program Files (x86)\Google\Chrome\Application\chrome.exe
Build info: version: '3.8.1', revision: '6e95a6684b', time: '2017-12-01T19:05:14.666Z'
System info: host: 'SIPL35', ip: '192.168.56.1', os.name: 'Windows 8.1', os.arch: 'amd64', os.version: '6.3', java.version: '17.0.2'
Driver info: driver.version: ChromeDriver
remote stacktrace: Backtrace:
Ordinal0 [0x01169943+2595139]
Ordinal0 [0x010FC9F1+2148849]
Ordinal0 [0x00FF4528+1066280]
Ordinal0 [0x010142C3+1196739]
Ordinal0 [0x0100FE37+1179191]
Ordinal0 [0x0100D6F1+1169137]
Ordinal0 [0x01040530+1377584]
Ordinal0 [0x0104018A+1376650]
Ordinal0 [0x0103B806+1357830]
Ordinal0 [0x01016086+1204358]
Ordinal0 [0x01016F96+1208214]
GetHandleVerifier [0x0130B232+1658114]
GetHandleVerifier [0x013C312C+2411516]
GetHandleVerifier [0x011FF261+560433]
GetHandleVerifier [0x011FE366+556598]
Ordinal0 [0x0110286B+2173035]
Ordinal0 [0x011075F8+2192888]
Ordinal0 [0x011076E5+2193125]
Ordinal0 [0x011111FC+2232828]
BaseThreadInitThunk [0x76AA6A14+36]
RtlInitializeExceptionChain [0x7701A9FF+143]
RtlInitializeExceptionChain [0x7701A9CA+90]

at java.base/jdk.internal.reflect.NativeConstructorAccessorImpl.newInstance0(Native Method)
at java.base/jdk.internal.reflect.NativeConstructorAccessorImpl.newInstance(NativeConstructorAccessorImpl.java:77)
at java.base/jdk.internal.reflect.DelegatingConstructorAccessorImpl.newInstance(DelegatingConstructorAccessorImpl.java:45)
at java.base/java.lang.reflect.Constructor.newInstanceWithCaller(Constructor.java:499)
at java.base/java.lang.reflect.Constructor.newInstance(Constructor.java:480)
at org.openqa.selenium.remote.W3CHandshakeResponse.lambda$new$0(W3CHandshakeResponse.java:57)
at org.openqa.selenium.remote.W3CHandshakeResponse.lambda$getResponseFunction$2(W3CHandshakeResponse.java:104)
at org.openqa.selenium.remote.ProtocolHandshake.lambda$createSession$0(ProtocolHandshake.java:123)
at java.base/java.util.stream.ReferencePipeline$3$1.accept(ReferencePipeline.java:197)
at java.base/java.util.Spliterators$ArraySpliterator.tryAdvance(Spliterators.java:1002)
at java.base/java.util.stream.ReferencePipeline.forEachWithCancel(ReferencePipeline.java:129)
at java.base/java.util.stream.AbstractPipeline.copyIntoWithCancel(AbstractPipeline.java:527)
at java.base/java.util.stream.AbstractPipeline.copyInto(AbstractPipeline.java:513)
at java.base/java.util.stream.AbstractPipeline.wrapAndCopyInto(AbstractPipeline.java:499)
at java.base/java.util.stream.FindOps$FindOp.evaluateSequential(FindOps.java:150)
at java.base/java.util.stream.AbstractPipeline.evaluate(AbstractPipeline.java:234)
at java.base/java.util.stream.ReferencePipeline.findFirst(ReferencePipeline.java:647)
at org.openqa.selenium.remote.ProtocolHandshake.createSession(ProtocolHandshake.java:126)
at org.openqa.selenium.remote.ProtocolHandshake.createSession(ProtocolHandshake.java:73)
at org.openqa.selenium.remote.HttpCommandExecutor.execute(HttpCommandExecutor.java:142)
at org.openqa.selenium.remote.service.DriverCommandExecutor.execute(DriverCommandExecutor.java:83)
at org.openqa.selenium.remote.RemoteWebDriver.execute(RemoteWebDriver.java:601)
at org.openqa.selenium.remote.RemoteWebDriver.startSession(RemoteWebDriver.java:219)
at org.openqa.selenium.remote.RemoteWebDriver.<init>(RemoteWebDriver.java:142)
at org.openqa.selenium.chrome.ChromeDriver.<init>(ChromeDriver.java:181)
at org.openqa.selenium.chrome.ChromeDriver.<init>(ChromeDriver.java:168)
at org.openqa.selenium.chrome.ChromeDriver.<init>(ChromeDriver.java:123)
at fedexCILStaging.BaseInit.base(BaseInit.java:31)
at java.base/jdk.internal.reflect.NativeMethodAccessorImpl.invoke0(Native Method)
at java.base/jdk.internal.reflect.NativeMethodAccessorImpl.invoke(NativeMethodAccessorImpl.java:77)
at java.base/jdk.internal.reflect.DelegatingMethodAccessorImpl.invoke(DelegatingMethodAccessorImpl.java:43)
at java.base/java.lang.reflect.Method.invoke(Method.java:568)
at org.testng.internal.MethodInvocationHelper.invokeMethod(MethodInvocationHelper.java:133)
at org.testng.internal.MethodInvocationHelper.invokeMethodConsideringTimeout(MethodInvocationHelper.java:62)
at org.testng.internal.ConfigInvoker.invokeConfigurationMethod(ConfigInvoker.java:385)
at org.testng.internal.ConfigInvoker.invokeConfigurations(ConfigInvoker.java:321)
at org.testng.SuiteRunner.privateRun(SuiteRunner.java:317)
at org.testng.SuiteRunner.run(SuiteRunner.java:276)
at org.testng.SuiteRunnerWorker.runSuite(SuiteRunnerWorker.java:53)
at org.testng.SuiteRunnerWorker.run(SuiteRunnerWorker.java:96)
at org.testng.TestNG.runSuitesSequentially(TestNG.java:1212)
at org.testng.TestNG.runSuitesLocally(TestNG.java:1134)
at org.testng.TestNG.runSuites(TestNG.java:1063)
at org.testng.TestNG.run(TestNG.java:1031)
at org.testng.remote.AbstractRemoteTestNG.run(AbstractRemoteTestNG.java:115)
at org.testng.remote.RemoteTestNG.initAndRun(RemoteTestNG.java:251)
at org.testng.remote.RemoteTestNG.main(RemoteTestNG.java:77)
]]>
    </error>
  </testcase> <!-- base -->
  <system-out/>
  <testcase classname="fedexCILStaging.ServiceDetail" name="fedEXCILOrder" time="0.000">
    <skipped/>
  </testcase> <!-- fedEXCILOrder -->
  <system-out/>
</testsuite> <!-- fedexCILStaging.ServiceDetail -->
